ERROR - 2024-03-13 00:05:20 --> mysqli_sql_exception: Can't create table `gestao`.`encarregados` (errno: 150 "Foreign key constraint is incorrectly formed") in C:\projects\gestao-de-alunos\system\Database\MySQLi\Connection.php:306
Stack trace:
#0 C:\projects\gestao-de-alunos\system\Database\MySQLi\Connection.php(306): mysqli->query('CREATE TABLE `e...', 0)
#1 C:\projects\gestao-de-alunos\system\Database\BaseConnection.php(693): CodeIgniter\Database\MySQLi\Connection->execute('CREATE TABLE `e...')
#2 C:\projects\gestao-de-alunos\system\Database\BaseConnection.php(607): CodeIgniter\Database\BaseConnection->simpleQuery('CREATE TABLE `e...')
#3 C:\projects\gestao-de-alunos\system\Database\Forge.php(555): CodeIgniter\Database\BaseConnection->query('CREATE TABLE `e...')
#4 C:\projects\gestao-de-alunos\app\Database\Migrations\2024-03-12-225146_Encarregados.php(63): CodeIgniter\Database\Forge->createTable('encarregados')
#5 C:\projects\gestao-de-alunos\system\Database\MigrationRunner.php(865): App\Database\Migrations\Encarregados->up()
#6 C:\projects\gestao-de-alunos\system\Database\MigrationRunner.php(181): CodeIgniter\Database\MigrationRunner->migrate('up', Object(stdClass))
#7 C:\projects\gestao-de-alunos\system\Commands\Database\Migrate.php(84): CodeIgniter\Database\MigrationRunner->latest(NULL)
#8 C:\projects\gestao-de-alunos\system\CLI\Commands.php(65): CodeIgniter\Commands\Database\Migrate->run(Array)
#9 C:\projects\gestao-de-alunos\system\CLI\BaseCommand.php(115): CodeIgniter\CLI\Commands->run('migrate', Array)
#10 C:\projects\gestao-de-alunos\system\Commands\Database\MigrateRefresh.php(85): CodeIgniter\CLI\BaseCommand->call('migrate', Array)
#11 C:\projects\gestao-de-alunos\system\CLI\Commands.php(65): CodeIgniter\Commands\Database\MigrateRefresh->run(Array)
#12 C:\projects\gestao-de-alunos\system\CLI\Console.php(46): CodeIgniter\CLI\Commands->run('migrate:refresh', Array)
#13 C:\projects\gestao-de-alunos\spark(102): CodeIgniter\CLI\Console->run()
#14 {main}
INFO - 2024-03-13 00:11:50 --> Session: Class initialized using 'CodeIgniter\Session\Handlers\FileHandler' driver.
INFO - 2024-03-13 00:11:50 --> Session: Class initialized using 'CodeIgniter\Session\Handlers\FileHandler' driver.
INFO - 2024-03-13 00:11:52 --> Session: Class initialized using 'CodeIgniter\Session\Handlers\FileHandler' driver.
INFO - 2024-03-13 00:12:03 --> Session: Class initialized using 'CodeIgniter\Session\Handlers\FileHandler' driver.
INFO - 2024-03-13 00:12:03 --> CSRF token verified.
INFO - 2024-03-13 00:12:03 --> Session: Class initialized using 'CodeIgniter\Session\Handlers\FileHandler' driver.
INFO - 2024-03-13 00:12:05 --> Session: Class initialized using 'CodeIgniter\Session\Handlers\FileHandler' driver.
INFO - 2024-03-13 00:14:33 --> Session: Class initialized using 'CodeIgniter\Session\Handlers\FileHandler' driver.
INFO - 2024-03-13 00:14:33 --> CSRF token verified.
INFO - 2024-03-13 00:14:34 --> Session: Class initialized using 'CodeIgniter\Session\Handlers\FileHandler' driver.
INFO - 2024-03-13 00:14:35 --> Session: Class initialized using 'CodeIgniter\Session\Handlers\FileHandler' driver.
ERROR - 2024-03-13 00:21:22 --> mysqli_sql_exception: Can't create table `gestao`.`encarregados` (errno: 150 "Foreign key constraint is incorrectly formed") in C:\projects\gestao-de-alunos\system\Database\MySQLi\Connection.php:306
Stack trace:
#0 C:\projects\gestao-de-alunos\system\Database\MySQLi\Connection.php(306): mysqli->query('CREATE TABLE `e...', 0)
#1 C:\projects\gestao-de-alunos\system\Database\BaseConnection.php(693): CodeIgniter\Database\MySQLi\Connection->execute('CREATE TABLE `e...')
#2 C:\projects\gestao-de-alunos\system\Database\BaseConnection.php(607): CodeIgniter\Database\BaseConnection->simpleQuery('CREATE TABLE `e...')
#3 C:\projects\gestao-de-alunos\system\Database\Forge.php(555): CodeIgniter\Database\BaseConnection->query('CREATE TABLE `e...')
#4 C:\projects\gestao-de-alunos\app\Database\Migrations\2024-03-12-225146_Encarregados.php(63): CodeIgniter\Database\Forge->createTable('encarregados')
#5 C:\projects\gestao-de-alunos\system\Database\MigrationRunner.php(865): App\Database\Migrations\Encarregados->up()
#6 C:\projects\gestao-de-alunos\system\Database\MigrationRunner.php(181): CodeIgniter\Database\MigrationRunner->migrate('up', Object(stdClass))
#7 C:\projects\gestao-de-alunos\system\Commands\Database\Migrate.php(84): CodeIgniter\Database\MigrationRunner->latest(NULL)
#8 C:\projects\gestao-de-alunos\system\CLI\Commands.php(65): CodeIgniter\Commands\Database\Migrate->run(Array)
#9 C:\projects\gestao-de-alunos\system\CLI\BaseCommand.php(115): CodeIgniter\CLI\Commands->run('migrate', Array)
#10 C:\projects\gestao-de-alunos\system\Commands\Database\MigrateRefresh.php(85): CodeIgniter\CLI\BaseCommand->call('migrate', Array)
#11 C:\projects\gestao-de-alunos\system\CLI\Commands.php(65): CodeIgniter\Commands\Database\MigrateRefresh->run(Array)
#12 C:\projects\gestao-de-alunos\system\CLI\Console.php(46): CodeIgniter\CLI\Commands->run('migrate:refresh', Array)
#13 C:\projects\gestao-de-alunos\spark(102): CodeIgniter\CLI\Console->run()
#14 {main}
